(---------------------------------------------------------------------)
(                                                                     )
(    ARTWORK LOG                                                      )
(                                                                     )
(    Drawing          : POSITIVE_VOLTAGE_REGULATOR_SCH.brd            )
(    Software Version : 16.6-2015S059                                 )
(    Date/Time        : Thu Dec 15 22:54:52 2022                      )
(                                                                     )
(---------------------------------------------------------------------)



 ******************************************
 WARNING: DRC OUT OF DATE on this layout.
 ******************************************

 ---- Photoplot outline rectangle not found; using drawing extents.



Results from parameter file ...
    DEVICE-TYPE           GERBER_RS274X
    OUTPUT-UNITS          INCHES
    FILM-SIZE             2400000 1600000
    FORMAT                2.5
    ABORT-ON-ERROR        NO
    SCALE                 1
    SUPPRESS-LEAD-ZEROES  YES
    SUPPRESS-TRAIL-ZEROES NO
    SUPPRESS-EQUAL        YES
    UNDEF-APT-CONT        NO



================================================================
     PROCESSING FILM < TOP >
     TO FILE < D:/1faculta/OneDrive - Universitatea Politehnica Bucuresti/Cursuri Inregistrate/AN 3 SEM 1/Proiect 1/SCHEMATIC/allegro/TOP.art > ...
================================================================

  FILM PARAMETERS :
  ---------------------------------------------------------
  Undefined line width                10.000
  Mirror code                         NONE
  Rotate angle                        NONE
  Offset x:                           0.000
  Offset y:                           0.000
  Plot negative                       NO
  Suppress unconnected internal pads  NO
  Draw holes only                     NO



  APERTURES USED:
  ---------------------------------------------------------
  TYPE       SIZE/NAME                   ROT   MIRROR MODE 
  ---------------------------------------------------------
  CIRCLE     0.00500                                  DARK 
  CIRCLE     0.02200                                  DARK 
  CIRCLE     0.03937                                  DARK 
  CIRCLE     0.04400                                  DARK 
  SQUARE     0.05118                     0.000 NO     DARK 
  RECTANGLE  0.04331     x 0.03740       0.000 NO     DARK 
  RECTANGLE  0.04331     x 0.03740      90.000 NO     DARK 
  RECTANGLE  0.05000     x 0.03600       0.000 NO     DARK 
  RECTANGLE  0.05000     x 0.03600      90.000 NO     DARK 
  RECTANGLE  0.05118     x 0.07874      90.000 NO     DARK 
  RECTANGLE  0.05709     x 0.03740       0.000 NO     DARK 
  RECTANGLE  0.05709     x 0.03740      90.000 NO     DARK 
  RECTANGLE  0.06000     x 0.10000      90.000 NO     DARK 
  RECTANGLE  0.11811     x 0.06299      90.000 NO     DARK 
  RECTANGLE  0.12008     x 0.07087       0.000 NO     DARK 
  RECTANGLE  0.24409     x 0.22835      90.000 NO     DARK 

     TOP created with warnings


================================================================
     PROCESSING FILM < BOTTOM >
     TO FILE < D:/1faculta/OneDrive - Universitatea Politehnica Bucuresti/Cursuri Inregistrate/AN 3 SEM 1/Proiect 1/SCHEMATIC/allegro/BOTTOM.art > ...
================================================================

  FILM PARAMETERS :
  ---------------------------------------------------------
  Undefined line width                0.000
  Mirror code                         NONE
  Rotate angle                        NONE
  Offset x:                           0.000
  Offset y:                           0.000
  Plot negative                       NO
  Suppress unconnected internal pads  NO
  Draw holes only                     NO



  APERTURES USED:
  ---------------------------------------------------------
  TYPE       SIZE/NAME                   ROT   MIRROR MODE 
  ---------------------------------------------------------
  CIRCLE     0.02200                                  DARK 
  CIRCLE     0.04400                                  DARK 

     BOTTOM created with warnings


================================================================
     PROCESSING FILM < SILSKSCREEN >
     TO FILE < D:/1faculta/OneDrive - Universitatea Politehnica Bucuresti/Cursuri Inregistrate/AN 3 SEM 1/Proiect 1/SCHEMATIC/allegro/SILSKSCREEN.art > ...
================================================================

  FILM PARAMETERS :
  ---------------------------------------------------------
  Undefined line width                0.000
  Mirror code                         NONE
  Rotate angle                        NONE
  Offset x:                           0.000
  Offset y:                           0.000
  Plot negative                       NO
  Suppress unconnected internal pads  NO
  Draw holes only                     NO

    WARNING: rectangle or unfilled shape composed 0 width line found at (164.000 319.500)
           ... ignored.

    WARNING: rectangle or unfilled shape having Multiple 0 width lines; all will be treated the same as the first.
           ... ignored.

    WARNING: 0 width line found at (247.500 1357.000)
           ... ignored.

    WARNING: Multiple 0 width lines; all will be treated the same as the first.
           ... ignored.



  APERTURES USED:
  ---------------------------------------------------------
  TYPE       SIZE/NAME                   ROT   MIRROR MODE 
  ---------------------------------------------------------
  CIRCLE     0.00300                                  DARK 
  CIRCLE     0.00787                                  DARK 

     SILSKSCREEN created with warnings


================================================================
     PROCESSING FILM < SSTOP >
     TO FILE < D:/1faculta/OneDrive - Universitatea Politehnica Bucuresti/Cursuri Inregistrate/AN 3 SEM 1/Proiect 1/SCHEMATIC/allegro/SSTOP.art > ...
================================================================

  FILM PARAMETERS :
  ---------------------------------------------------------
  Undefined line width                0.000
  Mirror code                         NONE
  Rotate angle                        NONE
  Offset x:                           0.000
  Offset y:                           0.000
  Plot negative                       NO
  Suppress unconnected internal pads  NO
  Draw holes only                     NO



  APERTURES USED:
  ---------------------------------------------------------
  TYPE       SIZE/NAME                   ROT   MIRROR MODE 
  ---------------------------------------------------------
  CIRCLE     0.00300                                  DARK 
  CIRCLE     0.00787                                  DARK 

     SSTOP created with warnings


================================================================
     PROCESSING FILM < SMTOP >
     TO FILE < D:/1faculta/OneDrive - Universitatea Politehnica Bucuresti/Cursuri Inregistrate/AN 3 SEM 1/Proiect 1/SCHEMATIC/allegro/SMTOP.art > ...
================================================================

  FILM PARAMETERS :
  ---------------------------------------------------------
  Undefined line width                0.000
  Mirror code                         NONE
  Rotate angle                        NONE
  Offset x:                           0.000
  Offset y:                           0.000
  Plot negative                       NO
  Suppress unconnected internal pads  NO
  Draw holes only                     NO



  APERTURES USED:
  ---------------------------------------------------------
  TYPE       SIZE/NAME                   ROT   MIRROR MODE 
  ---------------------------------------------------------
  CIRCLE     0.04724                                  DARK 
  CIRCLE     0.05200                                  DARK 
  SQUARE     0.05512                     0.000 NO     DARK 
  RECTANGLE  0.04724     x 0.04528       0.000 NO     DARK 
  RECTANGLE  0.04724     x 0.04528      90.000 NO     DARK 
  RECTANGLE  0.05512     x 0.08268      90.000 NO     DARK 
  RECTANGLE  0.06000     x 0.04600       0.000 NO     DARK 
  RECTANGLE  0.06000     x 0.04600      90.000 NO     DARK 
  RECTANGLE  0.06496     x 0.04528       0.000 NO     DARK 
  RECTANGLE  0.06496     x 0.04528      90.000 NO     DARK 
  RECTANGLE  0.06600     x 0.10600      90.000 NO     DARK 
  RECTANGLE  0.12008     x 0.07087       0.000 NO     DARK 
  RECTANGLE  0.12598     x 0.07087      90.000 NO     DARK 
  RECTANGLE  0.25197     x 0.23622      90.000 NO     DARK 

     SMTOP created with warnings


================================================================
     PROCESSING FILM < SMBOT >
     TO FILE < D:/1faculta/OneDrive - Universitatea Politehnica Bucuresti/Cursuri Inregistrate/AN 3 SEM 1/Proiect 1/SCHEMATIC/allegro/SMBOT.art > ...
================================================================

  FILM PARAMETERS :
  ---------------------------------------------------------
  Undefined line width                0.000
  Mirror code                         NONE
  Rotate angle                        NONE
  Offset x:                           0.000
  Offset y:                           0.000
  Plot negative                       NO
  Suppress unconnected internal pads  NO
  Draw holes only                     NO



  APERTURES USED:
  ---------------------------------------------------------
  TYPE       SIZE/NAME                   ROT   MIRROR MODE 
  ---------------------------------------------------------
  CIRCLE     0.05200                                  DARK 

     SMBOT created with warnings


================================================================
     PROCESSING FILM < BO >
     TO FILE < D:/1faculta/OneDrive - Universitatea Politehnica Bucuresti/Cursuri Inregistrate/AN 3 SEM 1/Proiect 1/SCHEMATIC/allegro/BO.art > ...
================================================================

  FILM PARAMETERS :
  ---------------------------------------------------------
  Undefined line width                0.000
  Mirror code                         NONE
  Rotate angle                        NONE
  Offset x:                           0.000
  Offset y:                           0.000
  Plot negative                       NO
  Suppress unconnected internal pads  NO
  Draw holes only                     NO



  APERTURES USED:  NONE
     BO created with warnings


================================================================
     PROCESSING FILM < FAB_2 >
     TO FILE < D:/1faculta/OneDrive - Universitatea Politehnica Bucuresti/Cursuri Inregistrate/AN 3 SEM 1/Proiect 1/SCHEMATIC/allegro/FAB_2.art > ...
================================================================

  FILM PARAMETERS :
  ---------------------------------------------------------
  Undefined line width                0.000
  Mirror code                         NONE
  Rotate angle                        NONE
  Offset x:                           0.000
  Offset y:                           0.000
  Plot negative                       NO
  Suppress unconnected internal pads  NO
  Draw holes only                     NO



  APERTURES USED:  NONE
     FAB_2 created with warnings


================================================================
     PROCESSING FILM < SPTOP >
     TO FILE < D:/1faculta/OneDrive - Universitatea Politehnica Bucuresti/Cursuri Inregistrate/AN 3 SEM 1/Proiect 1/SCHEMATIC/allegro/SPTOP.art > ...
================================================================

  FILM PARAMETERS :
  ---------------------------------------------------------
  Undefined line width                0.000
  Mirror code                         NONE
  Rotate angle                        NONE
  Offset x:                           0.000
  Offset y:                           0.000
  Plot negative                       NO
  Suppress unconnected internal pads  NO
  Draw holes only                     NO



  APERTURES USED:
  ---------------------------------------------------------
  TYPE       SIZE/NAME                   ROT   MIRROR MODE 
  ---------------------------------------------------------
  CIRCLE     0.04724                                  DARK 
  RECTANGLE  0.04724     x 0.04528       0.000 NO     DARK 
  RECTANGLE  0.04724     x 0.04528      90.000 NO     DARK 
  RECTANGLE  0.06000     x 0.10000      90.000 NO     DARK 
  RECTANGLE  0.06496     x 0.04528       0.000 NO     DARK 
  RECTANGLE  0.06496     x 0.04528      90.000 NO     DARK 
  RECTANGLE  0.11811     x 0.06299      90.000 NO     DARK 
  RECTANGLE  0.12008     x 0.07087       0.000 NO     DARK 
  RECTANGLE  0.24409     x 0.22835      90.000 NO     DARK 

     SPTOP created with warnings


------------------------------------------------------
 SUMMARY:
        TOP created with warnings
        BOTTOM created with warnings
        SILSKSCREEN created with warnings
        SSTOP created with warnings
        SMTOP created with warnings
        SMBOT created with warnings
        BO created with warnings
        FAB_2 created with warnings
        SPTOP created with warnings

 ARTWORK had warnings
