(---------------------------------------------------------------------)
(                                                                     )
(    QUICKPLACE LOG                                                   )
(                                                                     )
(    Drawing          : POSITIVE_VOLTAGE_REGULATOR_SCH.brd            )
(    Software Version : 16.6-2015S059                                 )
(    Date/Time        : Wed Dec 07 23:29:51 2022                      )
(                                                                     )
(---------------------------------------------------------------------)


State: Placing on layer TOP

         Placed symbol:  D2 / BZX84-C2V7_0_SOT23_BZX84-C2V7 / SOT23 at (10879.00 9442.80)
         Placed symbol:  D5 / BZX84-C2V7_0_SOT23_BZX84-C2V7 / SOT23 at (11028.00 9442.80)
         Placed symbol:  D3 / BZX84-C10_0_SOT23_BZX84-C10 / SOT23 at (11177.00 9442.80)
         Placed symbol:  D4 / BZX84-C5V1_0_SOT23_BZX84-C5V1 / SOT23 at (11326.00 9442.80)
         Placed symbol:  D6 / BZX84-C5V1_0_SOT23_BZX84-C5V1 / SOT23 at (11475.00 9442.80)
         Placed symbol:  Q9 / QBC817-25_SOT23_QBC817-25 / SOT23 at (11624.00 9442.80)
         Placed symbol:  Q1 / QBC807-25_SOT23_QBC807-25 / SOT23 at (11773.00 9442.80)
         Placed symbol:  Q2 / QBC807-25_SOT23_QBC807-25 / SOT23 at (11922.00 9442.80)
         Placed symbol:  Q10 / QMJD31C_0_DPACK_QMJD31C / DPACK at (12043.31 9457.60)
         Placed symbol:  Q5 / QMJD31C_0_DPACK_QMJD31C / DPACK at (10851.31 9957.72)
         Placed symbol:  Q11 / JMMBFJ309LT1_0_SOT23_JMMBFJ309L / SOT23 at (11154.72 9942.92)
         Placed symbol:  Q3 / QBC817-25_SOT23_QBC817-25 / SOT23 at (11303.72 9942.92)
         Placed symbol:  Q4 / QBC817-25_SOT23_QBC817-25 / SOT23 at (11452.72 9942.92)
         Placed symbol:  Q6 / QBC817-25_SOT23_QBC817-25 / SOT23 at (11601.72 9942.92)
         Placed symbol:  R10 / POT_0_TS53YL_2K / TS53YL at (11937.59 10036.46)
         Placed symbol:  J1 / CON2_1210RF_WV_12D_CON2 / 1210RF_WV_12D at (12101.02 9982.92)
         Placed symbol:  R30 / R_RES2012X50N_0805_150 / RES2012X50N_0805 at (10889.70 10422.41)
         Placed symbol:  R1 / R_RES2012X50N_0805_150 / RES2012X50N_0805 at (11048.30 10422.41)
         Placed symbol:  R34 / R_RES2012X50N_0805_150 / RES2012X50N_0805 at (11206.90 10422.41)
         Placed symbol:  R35 / R_RES2012X50N_0805_150 / RES2012X50N_0805 at (11365.50 10422.41)
         Placed symbol:  R37 / R_RES2012X50N_0805_150 / RES2012X50N_0805 at (11524.10 10422.41)
         Placed symbol:  R38 / R_RES2012X50N_0805_150 / RES2012X50N_0805 at (11682.70 10422.41)
         Placed symbol:  R40 / R_RES2012X50N_0805_150 / RES2012X50N_0805 at (11841.30 10422.41)
         Placed symbol:  R41 / R_RES2012X50N_0805_150 / RES2012X50N_0805 at (11999.90 10422.41)
         Placed symbol:  R43 / R_RES2012X50N_0805_150 / RES2012X50N_0805 at (12158.50 10422.41)
         Placed symbol:  R33 / R_RES2012X50N_0805_150 / RES2012X50N_0805 at (10889.70 10509.15)
         Placed symbol:  R46 / R_RES2012X50N_0805_150 / RES2012X50N_0805 at (11048.30 10509.15)
         Placed symbol:  R47 / R_RES2012X50N_0805_150 / RES2012X50N_0805 at (11206.90 10509.15)
         Placed symbol:  R44 / R_RES2012X50N_0805_150 / RES2012X50N_0805 at (11365.50 10509.15)
         Placed symbol:  R11 / R_RES2012X50N_0805_15K / RES2012X50N_0805 at (11524.10 10509.15)
         Placed symbol:  R9 / R_RES2012X50N_0805_15K / RES2012X50N_0805 at (11682.70 10509.15)
         Placed symbol:  R12 / R_RES2012X50N_0805_100 / RES2012X50N_0805 at (11841.30 10509.15)
         Placed symbol:  R14 / R_RES2012X50N_0805_680 / RES2012X50N_0805 at (11999.90 10509.15)
         Placed symbol:  R2 / R_RES2012X50N_0805_500 / RES2012X50N_0805 at (12158.50 10509.15)
         Placed symbol:  R29 / R_RES2012X50N_0805_2.7K / RES2012X50N_0805 at (10889.70 10595.89)
         Placed symbol:  R32 / R_RES2012X50N_0805_2.7K / RES2012X50N_0805 at (11048.30 10595.89)
         Placed symbol:  R36 / R_RES2012X50N_0805_2.7K / RES2012X50N_0805 at (11206.90 10595.89)
         Placed symbol:  R39 / R_RES2012X50N_0805_2.7K / RES2012X50N_0805 at (11365.50 10595.89)
         Placed symbol:  R42 / R_RES2012X50N_0805_2.7K / RES2012X50N_0805 at (11524.10 10595.89)
         Placed symbol:  R45 / R_RES2012X50N_0805_2.7K / RES2012X50N_0805 at (11682.70 10595.89)
         Placed symbol:  R3 / R_RES2012X50N_0805_1K / RES2012X50N_0805 at (11841.30 10595.89)
         Placed symbol:  R4 / R_RES2012X50N_0805_1K / RES2012X50N_0805 at (11999.90 10595.89)
         Placed symbol:  R48 / R_RES2012X50N_0805_10 / RES2012X50N_0805 at (12158.50 10595.89)
         Placed symbol:  R49 / R_RES2012X50N_0805_10 / RES2012X50N_0805 at (10889.70 10682.63)
         Placed symbol:  R50 / R_RES2012X50N_0805_1 / RES2012X50N_0805 at (11048.30 10682.63)
         Placed symbol:  R6 / R_RES2012X50N_0805_4.7K / RES2012X50N_0805 at (11206.90 10682.63)
         Placed symbol:  R7 / R_RES2012X50N_0805_100K / RES2012X50N_0805 at (11365.50 10682.63)
         Placed symbol:  TP1 / TEST POINT_SMD_PAD_3-05_1-80_TE / SMD_PAD_3-05_1-80 at (11507.36 10682.63)
         Placed symbol:  TP2 / TEST POINT_SMD_PAD_3-05_1-80_TE / SMD_PAD_3-05_1-80 at (11645.28 10682.63)
         Placed symbol:  TP3 / TEST POINT_SMD_PAD_3-05_1-80_TE / SMD_PAD_3-05_1-80 at (11783.20 10682.63)


Placed 50 of 50 applicable (50 total) symbols.

-----------------------------------------------------------------------

